#-----------------------------------------------------------
# Vivado v2020.2 (64-bit)
# SW Build 3064766 on Wed Nov 18 09:12:45 MST 2020
# IP Build 3064653 on Wed Nov 18 14:17:31 MST 2020
# Start of session at: Tue Dec  7 13:42:04 2021
# Process ID: 1392
# Current directory: G:/nyu_course/advanced_hardware_design/project/RISCV_v5
# Command line: vivado.exe -gui_launcher_event rodinguilauncherevent4256 G:\nyu_course\advanced_hardware_design\project\RISCV_v5\RISCV_v5.xpr
# Log file: G:/nyu_course/advanced_hardware_design/project/RISCV_v5/vivado.log
# Journal file: G:/nyu_course/advanced_hardware_design/project/RISCV_v5\vivado.jou
#-----------------------------------------------------------
start_gui
open_project G:/nyu_course/advanced_hardware_design/project/RISCV_v5/RISCV_v5.xpr
INFO: [Project 1-313] Project file moved from 'G:/nyu_course/advanced_hardware_design/project/RISCV_v5/RISCV_v5' since last save.
WARNING: [filemgmt 56-2] Default IP Output Path : Could not find the directory 'G:/nyu_course/advanced_hardware_design/project/RISCV_v5/RISCV_v5.gen/sources_1', nor could it be found using path 'G:/nyu_course/advanced_hardware_design/project/RISCV_v5/RISCV_v5/RISCV_v5.gen/sources_1'.
Scanning sources...
Finished scanning sources
INFO: [IP_Flow 19-234] Refreshing IP repositories
INFO: [IP_Flow 19-1704] No user IP repositories specified
INFO: [IP_Flow 19-2313] Loaded Vivado IP repository 'C:/Xilinx/Vivado/2020.2/data/ip'.
open_project: Time (s): cpu = 00:00:17 ; elapsed = 00:00:06 . Memory (MB): peak = 1200.770 ; gain = 0.000
update_compile_order -fileset sources_1
exit
INFO: [Common 17-206] Exiting Vivado at Tue Dec  7 13:42:39 2021...
