Vivado Simulator v2021.2
Copyright 1986-1999, 2001-2021 Xilinx, Inc. All Rights Reserved.
Running: C:/Software/Xilinx/Vivado/2021.2/bin/unwrapped/win64.o/xelab.exe --incr --debug typical --relax --mt 2 -L xil_defaultlib -L unisims_ver -L unimacro_ver -L secureip --snapshot program_tb_behav xil_defaultlib.program_tb xil_defaultlib.glbl -log elaborate.log 
Using 2 slave threads.
Starting static elaboration
Pass Through NonSizing Optimizer
WARNING: [VRFC 10-696] first argument of $fatal is invalid, expecting 0, 1 or 2 [D:/Code/RISCV/RTL/4-stage-rv32i/RISCV_v5.srcs/program/new/program_tb.v:134]
Completed static elaboration
INFO: [XSIM 43-4329] Assuming default value 1 for the first arguement of $fatal at Line 134, File D:/Code/RISCV/RTL/4-stage-rv32i/RISCV_v5.srcs/program/new/program_tb.v
Starting simulation data flow analysis
Completed simulation data flow analysis
Time Resolution for simulation is 1ps
Compiling module xil_defaultlib.processor_ctrl
Compiling module xil_defaultlib.PC
Compiling module xil_defaultlib.instr_mem
Compiling module xil_defaultlib.regfile
Compiling module xil_defaultlib.imm_gen
Compiling module xil_defaultlib.alu_ctrl
Compiling module xil_defaultlib.shifter
Compiling module xil_defaultlib.alu
Compiling module xil_defaultlib.data_mem
Compiling module xil_defaultlib.data_ext
Compiling module xil_defaultlib.processor_top
Compiling module xil_defaultlib.program_tb
Compiling module xil_defaultlib.glbl
Built simulation snapshot program_tb_behav
